<?xml version="1.0" encoding="UTF-8"?>
<!-- Generated by org.testng.reporters.JUnitXMLReporter -->
<testsuite ignored="0" hostname="FFE-Vemula-Harika" failures="0" tests="4" name="Test" time="7.482" errors="0" timestamp="2025-08-21T11:25:48 IST">
  <testcase classname="ninzaCRM.Contacts.CreateContactTest" name="SampleTest" time="0.01"/>
  <testcase classname="ninzaCRM.Contacts.CreateContactTest" name="TC_E2E_01_createContactTest" time="0.0">
    <skipped/>
  </testcase> <!-- TC_E2E_01_createContactTest -->
  <testcase classname="ninzaCRM.Contacts.CreateContactTest" name="sample" time="0.0">
    <skipped/>
  </testcase> <!-- sample -->
  <testcase classname="ninzaCRM.Contacts.CreateContactTest" name="sample1" time="0.0">
    <skipped/>
  </testcase> <!-- sample1 -->
</testsuite> <!-- Test -->
